[INIT] Webhook URL: http://localhost:8000/webhook/whatsapp
{"level":30,"time":1773275038409,"pid":72945,"hostname":"g777-Latitude-E5550","msg":"🚀 Baileys Bridge running on port 3000"}
{"level":30,"time":1773275038725,"pid":72945,"hostname":"g777-Latitude-E5550","msg":"Starting Baileys with version: 2.3000.1033846690"}
⚠️ The printQRInTerminal option has been deprecated. You will no longer receive QR codes in the terminal automatically. Please listen to the connection.update event yourself and handle the QR your way. You can remove this message by removing this opttion. This message will be removed in a future version.
{"level":30,"time":1773275039059,"pid":72945,"hostname":"g777-Latitude-E5550","browser":["Ubuntu","Chrome","22.04.4"],"helloMsg":{"clientHello":{"ephemeral":"1BjdYOpLdSHKnDn7iFZyq2a1XjYQrqODa/Er8JibuF8="}},"msg":"connected to WA"}
{"level":30,"time":1773275039161,"pid":72945,"hostname":"g777-Latitude-E5550","node":{"username":"201515449773","passive":false,"userAgent":{"platform":"WEB","appVersion":{"primary":2,"secondary":3000,"tertiary":1033846690},"mcc":"000","mnc":"000","osVersion":"0.1","device":"Desktop","osBuildNumber":"0.1","releaseChannel":"RELEASE","localeLanguageIso6391":"en","localeCountryIso31661Alpha2":"US"},"webInfo":{"webSubPlatform":"WEB_BROWSER"},"connectType":"WIFI_UNKNOWN","connectReason":"USER_ACTIVATED","device":35,"pull":true},"msg":"logging in..."}
{"level":30,"time":1773275039736,"pid":72945,"hostname":"g777-Latitude-E5550","msg":"offline preview received"}
{"level":30,"time":1773275039741,"pid":72945,"hostname":"g777-Latitude-E5550","msg":"handled 1 offline messages/notifications"}
{"level":30,"time":1773275039742,"pid":72945,"hostname":"g777-Latitude-E5550","msg":"Connection is now AwaitingInitialSync, buffering events"}
{"level":30,"time":1773275039742,"pid":72945,"hostname":"g777-Latitude-E5550","msg":"History sync is disabled by config, not waiting for notification. Transitioning to Online."}
{"level":30,"time":1773275039744,"pid":72945,"hostname":"g777-Latitude-E5550","msg":"28 pre-keys found on server"}
{"level":30,"time":1773275039824,"pid":72945,"hostname":"g777-Latitude-E5550","msg":"opened connection to WA"}
{"level":30,"time":1773275039832,"pid":72945,"hostname":"g777-Latitude-E5550","msg":"✅ Connected to WhatsApp!"}
{"level":30,"time":1773277698975,"pid":72945,"hostname":"g777-Latitude-E5550","msg":"New message from 113357222854724@lid: {\"conversation\":\"ع\",\"messageContextInfo\":{\"deviceListMetadata\":{\"senderKeyHash\":\"vXZT6B437gMdFg==\",\"..."}
{"level":30,"time":1773277698977,"pid":72945,"hostname":"g777-Latitude-E5550","msg":"Forwarding to Webhook: http://localhost:8000/webhook/whatsapp"}
{"level":30,"time":1773277699115,"pid":72945,"hostname":"g777-Latitude-E5550","msg":"Webhook response: 200"}
{"level":30,"time":1773280009657,"pid":72945,"hostname":"g777-Latitude-E5550","msg":"New message from 113357222854724@lid: {\"conversation\":\"هلا\",\"messageContextInfo\":{\"deviceListMetadata\":{\"senderKeyHash\":\"vXZT6B437gMdFg==\"..."}
{"level":30,"time":1773280009660,"pid":72945,"hostname":"g777-Latitude-E5550","msg":"Forwarding to Webhook: http://localhost:8000/webhook/whatsapp"}
{"level":30,"time":1773280009761,"pid":72945,"hostname":"g777-Latitude-E5550","msg":"Webhook response: 200"}
{"level":30,"time":1773280476367,"pid":72945,"hostname":"g777-Latitude-E5550","msg":"New message from 113357222854724@lid: {\"conversation\":\"هلا\",\"messageContextInfo\":{\"deviceListMetadata\":{\"senderKeyHash\":\"vXZT6B437gMdFg==\"..."}
{"level":30,"time":1773280476369,"pid":72945,"hostname":"g777-Latitude-E5550","msg":"Forwarding to Webhook: http://localhost:8000/webhook/whatsapp"}
{"level":30,"time":1773280476435,"pid":72945,"hostname":"g777-Latitude-E5550","msg":"Webhook response: 200"}
{"level":30,"time":1773281837287,"pid":72945,"hostname":"g777-Latitude-E5550","msg":"New message from 113357222854724@lid: {\"conversation\":\"هاى\",\"messageContextInfo\":{\"deviceListMetadata\":{\"senderKeyHash\":\"vXZT6B437gMdFg==\"..."}
{"level":30,"time":1773281837290,"pid":72945,"hostname":"g777-Latitude-E5550","msg":"Forwarding to Webhook: http://localhost:8000/webhook/whatsapp"}
{"level":30,"time":1773281837350,"pid":72945,"hostname":"g777-Latitude-E5550","msg":"Webhook response: 200"}
{"level":30,"time":1773285292183,"pid":72945,"hostname":"g777-Latitude-E5550","msg":"New message from 113357222854724@lid: {\"conversation\":\"هاى\",\"messageContextInfo\":{\"deviceListMetadata\":{\"senderKeyHash\":\"vXZT6B437gMdFg==\"..."}
{"level":30,"time":1773285292186,"pid":72945,"hostname":"g777-Latitude-E5550","msg":"Forwarding to Webhook: http://localhost:8000/webhook/whatsapp"}
{"level":30,"time":1773285292261,"pid":72945,"hostname":"g777-Latitude-E5550","msg":"Webhook response: 200"}
{"level":30,"time":1773285657645,"pid":72945,"hostname":"g777-Latitude-E5550","msg":"New message from 113357222854724@lid: {\"conversation\":\"ه\",\"messageContextInfo\":{\"deviceListMetadata\":{\"senderKeyHash\":\"vXZT6B437gMdFg==\",\"..."}
{"level":30,"time":1773285657645,"pid":72945,"hostname":"g777-Latitude-E5550","msg":"Forwarding to Webhook: http://localhost:8000/webhook/whatsapp"}
{"level":30,"time":1773285657654,"pid":72945,"hostname":"g777-Latitude-E5550","msg":"Webhook response: 200"}
{"level":30,"time":1773285985783,"pid":72945,"hostname":"g777-Latitude-E5550","msg":"New message from 113357222854724@lid: {\"conversation\":\"هاى\",\"messageContextInfo\":{\"deviceListMetadata\":{\"senderKeyHash\":\"vXZT6B437gMdFg==\"..."}
{"level":30,"time":1773285985783,"pid":72945,"hostname":"g777-Latitude-E5550","msg":"Forwarding to Webhook: http://localhost:8000/webhook/whatsapp"}
{"level":30,"time":1773285985810,"pid":72945,"hostname":"g777-Latitude-E5550","msg":"Webhook response: 200"}
{"level":30,"time":1773286313558,"pid":72945,"hostname":"g777-Latitude-E5550","msg":"New message from 113357222854724@lid: {\"conversation\":\"هاى\",\"messageContextInfo\":{\"deviceListMetadata\":{\"senderKeyHash\":\"vXZT6B437gMdFg==\"..."}
{"level":30,"time":1773286313559,"pid":72945,"hostname":"g777-Latitude-E5550","msg":"Forwarding to Webhook: http://localhost:8000/webhook/whatsapp"}
{"level":30,"time":1773286313573,"pid":72945,"hostname":"g777-Latitude-E5550","msg":"Webhook response: 200"}
{"level":30,"time":1773286509236,"pid":72945,"hostname":"g777-Latitude-E5550","msg":"New message from 113357222854724@lid: {\"conversation\":\"هاى\",\"messageContextInfo\":{\"deviceListMetadata\":{\"senderKeyHash\":\"vXZT6B437gMdFg==\"..."}
{"level":30,"time":1773286509236,"pid":72945,"hostname":"g777-Latitude-E5550","msg":"Forwarding to Webhook: http://localhost:8000/webhook/whatsapp"}
{"level":30,"time":1773286509248,"pid":72945,"hostname":"g777-Latitude-E5550","msg":"Webhook response: 200"}
